c:\users\brandonsheih\documents\github\comsc-200\bsheih_lecturefivelabs\bsheih_lecturefivelabs\debug\vc141.pdb
c:\users\brandonsheih\documents\github\comsc-200\bsheih_lecturefivelabs\bsheih_lecturefivelabs\debug\vc141.idb
c:\users\brandonsheih\documents\github\comsc-200\bsheih_lecturefivelabs\bsheih_lecturefivelabs\debug\circle.obj
c:\users\brandonsheih\documents\github\comsc-200\bsheih_lecturefivelabs\bsheih_lecturefivelabs\debug\rectangle.obj
c:\users\brandonsheih\documents\github\comsc-200\bsheih_lecturefivelabs\bsheih_lecturefivelabs\debug\lab5main.obj
c:\users\brandonsheih\documents\github\comsc-200\bsheih_lecturefivelabs\debug\bsheih_lecturefivelabs.exe
c:\users\brandonsheih\documents\github\comsc-200\bsheih_lecturefivelabs\debug\bsheih_lecturefivelabs.ilk
c:\users\brandonsheih\documents\github\comsc-200\bsheih_lecturefivelabs\debug\bsheih_lecturefivelabs.pdb
c:\users\cheeto\documents\1 codes\dvc\comsc-200\5. pie cont\bsheih_lecturefivelabs\bsheih_lecturefivelabs\debug\circle.obj
c:\users\cheeto\documents\1 codes\dvc\comsc-200\5. pie cont\bsheih_lecturefivelabs\bsheih_lecturefivelabs\debug\lab5main.obj
c:\users\cheeto\documents\1 codes\dvc\comsc-200\5. pie cont\bsheih_lecturefivelabs\bsheih_lecturefivelabs\debug\rectangle.obj
c:\users\cheeto\documents\1 codes\dvc\comsc-200\5. pie cont\bsheih_lecturefivelabs\bsheih_lecturefivelabs\debug\vc141.idb
c:\users\cheeto\documents\1 codes\dvc\comsc-200\5. pie cont\bsheih_lecturefivelabs\bsheih_lecturefivelabs\debug\vc141.pdb
c:\users\cheeto\documents\1 codes\dvc\comsc-200\5. pie cont\bsheih_lecturefivelabs\debug\bsheih_lecturefivelabs.pdb
c:\users\cheeto\documents\1 codes\dvc\comsc-200\5. pie cont\bsheih_lecturefivelabs\debug\bsheih_lecturefivelabs.exe
c:\users\cheeto\documents\1 codes\dvc\comsc-200\5. pie cont\bsheih_lecturefivelabs\debug\bsheih_lecturefivelabs.ilk
c:\users\cheeto\documents\1 codes\dvc\comsc-200\5. pie cont\bsheih_lecturefivelabs\bsheih_lecturefivelabs\debug\bsheih_l.8e4e2fc2.tlog\cl.command.1.tlog
c:\users\cheeto\documents\1 codes\dvc\comsc-200\5. pie cont\bsheih_lecturefivelabs\bsheih_lecturefivelabs\debug\bsheih_l.8e4e2fc2.tlog\cl.read.1.tlog
c:\users\cheeto\documents\1 codes\dvc\comsc-200\5. pie cont\bsheih_lecturefivelabs\bsheih_lecturefivelabs\debug\bsheih_l.8e4e2fc2.tlog\cl.write.1.tlog
c:\users\cheeto\documents\1 codes\dvc\comsc-200\5. pie cont\bsheih_lecturefivelabs\bsheih_lecturefivelabs\debug\bsheih_l.8e4e2fc2.tlog\link.command.1.tlog
c:\users\cheeto\documents\1 codes\dvc\comsc-200\5. pie cont\bsheih_lecturefivelabs\bsheih_lecturefivelabs\debug\bsheih_l.8e4e2fc2.tlog\link.read.1.tlog
c:\users\cheeto\documents\1 codes\dvc\comsc-200\5. pie cont\bsheih_lecturefivelabs\bsheih_lecturefivelabs\debug\bsheih_l.8e4e2fc2.tlog\link.write.1.tlog
